

Started GET "/" for 127.0.0.1 at 2014-11-19 00:06:39 -0700
Processing by Rails::WelcomeController#index as HTML
  Rendered /home/seacoats/.rvm/gems/ruby-2.1.5/gems/railties-4.1.8/lib/rails/templates/rails/welcome/index.html.erb (1.4ms)
Completed 200 OK in 13ms (Views: 5.0ms | ActiveRecord: 0.0ms)


Started GET "/rails/info/properties" for 127.0.0.1 at 2014-11-19 00:06:57 -0700
Processing by Rails::InfoController#properties as */*
  Rendered /home/seacoats/.rvm/gems/ruby-2.1.5/gems/railties-4.1.8/lib/rails/templates/rails/info/properties.html.erb (0.4ms)
Completed 200 OK in 30ms (Views: 7.2ms | ActiveRecord: 0.9ms)


Started GET "/" for 127.0.0.1 at 2014-11-19 00:08:52 -0700
Processing by Rails::WelcomeController#index as HTML
  Rendered /home/seacoats/.rvm/gems/ruby-2.1.5/gems/railties-4.1.8/lib/rails/templates/rails/welcome/index.html.erb (0.1ms)
Completed 200 OK in 1ms (Views: 1.1ms | ActiveRecord: 0.0ms)


Started GET "/" for 127.0.0.1 at 2014-11-19 00:09:01 -0700
Processing by Rails::WelcomeController#index as HTML
  Rendered /home/seacoats/.rvm/gems/ruby-2.1.5/gems/railties-4.1.8/lib/rails/templates/rails/welcome/index.html.erb (0.1ms)
Completed 200 OK in 2ms (Views: 1.5ms | ActiveRecord: 0.0ms)


Started GET "/" for 127.0.0.1 at 2014-11-19 00:26:59 -0700
Processing by Rails::WelcomeController#index as HTML
  Rendered /home/seacoats/.rvm/gems/ruby-2.1.5/gems/railties-4.1.8/lib/rails/templates/rails/welcome/index.html.erb (0.1ms)
Completed 200 OK in 2ms (Views: 1.3ms | ActiveRecord: 0.0ms)


Started GET "/" for 127.0.0.1 at 2014-11-19 09:04:06 -0700
Processing by Rails::WelcomeController#index as HTML
  Rendered /home/seacoats/.rvm/gems/ruby-2.1.5/gems/railties-4.1.8/lib/rails/templates/rails/welcome/index.html.erb (0.2ms)
Completed 200 OK in 3ms (Views: 2.2ms | ActiveRecord: 0.0ms)


Started GET "/" for 127.0.0.1 at 2014-11-19 09:15:16 -0700

LoadError (cannot load such file -- /home/seacoats/workspace/pinteresting/pinteresting/config/routes.rb):
  activesupport (4.1.8) lib/active_support/dependencies.rb:241:in `load'
  activesupport (4.1.8) lib/active_support/dependencies.rb:241:in `block in load'
  activesupport (4.1.8) lib/active_support/dependencies.rb:232:in `load_dependency'
  activesupport (4.1.8) lib/active_support/dependencies.rb:241:in `load'
  railties (4.1.8) lib/rails/application/routes_reloader.rb:40:in `block in load_paths'
  railties (4.1.8) lib/rails/application/routes_reloader.rb:40:in `each'
  railties (4.1.8) lib/rails/application/routes_reloader.rb:40:in `load_paths'
  railties (4.1.8) lib/rails/application/routes_reloader.rb:16:in `reload!'
  railties (4.1.8) lib/rails/application/routes_reloader.rb:26:in `block in updater'
  activesupport (4.1.8) lib/active_support/file_update_checker.rb:75:in `call'
  activesupport (4.1.8) lib/active_support/file_update_checker.rb:75:in `execute'
  railties (4.1.8) lib/rails/application/routes_reloader.rb:7:in `execute'
  railties (4.1.8) lib/rails/application/finisher.rb:83:in `block (2 levels) in <module:Finisher>'
  activesupport (4.1.8) lib/active_support/callbacks.rb:438:in `instance_exec'
  activesupport (4.1.8) lib/active_support/callbacks.rb:438:in `block in make_lambda'
  activesupport (4.1.8) lib/active_support/callbacks.rb:184:in `call'
  activesupport (4.1.8) lib/active_support/callbacks.rb:184:in `block in simple'
  activesupport (4.1.8) lib/active_support/callbacks.rb:185:in `call'
  activesupport (4.1.8) lib/active_support/callbacks.rb:185:in `block in simple'
  activesupport (4.1.8) lib/active_support/callbacks.rb:185:in `call'
  activesupport (4.1.8) lib/active_support/callbacks.rb:185:in `block in simple'
  activesupport (4.1.8) lib/active_support/callbacks.rb:86:in `call'
  activesupport (4.1.8) lib/active_support/callbacks.rb:86:in `run_callbacks'
  actionpack (4.1.8) lib/action_dispatch/middleware/reloader.rb:83:in `prepare!'
  actionpack (4.1.8) lib/action_dispatch/middleware/reloader.rb:71:in `call'
  actionpack (4.1.8) lib/action_dispatch/middleware/remote_ip.rb:76:in `call'
  actionpack (4.1.8) lib/action_dispatch/middleware/debug_exceptions.rb:17:in `call'
  actionpack (4.1.8) lib/action_dispatch/middleware/show_exceptions.rb:30:in `call'
  railties (4.1.8) lib/rails/rack/logger.rb:38:in `call_app'
  railties (4.1.8) lib/rails/rack/logger.rb:20:in `block in call'
  activesupport (4.1.8) lib/active_support/tagged_logging.rb:68:in `block in tagged'
  activesupport (4.1.8) lib/active_support/tagged_logging.rb:26:in `tagged'
  activesupport (4.1.8) lib/active_support/tagged_logging.rb:68:in `tagged'
  railties (4.1.8) lib/rails/rack/logger.rb:20:in `call'
  actionpack (4.1.8) lib/action_dispatch/middleware/request_id.rb:21:in `call'
  rack (1.5.2) lib/rack/methodoverride.rb:21:in `call'
  rack (1.5.2) lib/rack/runtime.rb:17:in `call'
  activesupport (4.1.8) lib/active_support/cache/strategy/local_cache_middleware.rb:26:in `call'
  rack (1.5.2) lib/rack/lock.rb:17:in `call'
  actionpack (4.1.8) lib/action_dispatch/middleware/static.rb:84:in `call'
  rack (1.5.2) lib/rack/sendfile.rb:112:in `call'
  railties (4.1.8) lib/rails/engine.rb:514:in `call'
  railties (4.1.8) lib/rails/application.rb:144:in `call'
  rack (1.5.2) lib/rack/lock.rb:17:in `call'
  rack (1.5.2) lib/rack/content_length.rb:14:in `call'
  rack (1.5.2) lib/rack/handler/webrick.rb:60:in `service'
  /home/seacoats/.rvm/rubies/ruby-2.1.5/lib/ruby/2.1.0/webrick/httpserver.rb:138:in `service'
  /home/seacoats/.rvm/rubies/ruby-2.1.5/lib/ruby/2.1.0/webrick/httpserver.rb:94:in `run'
  /home/seacoats/.rvm/rubies/ruby-2.1.5/lib/ruby/2.1.0/webrick/server.rb:295:in `block in start_thread'


  Rendered /home/seacoats/.rvm/gems/ruby-2.1.5/gems/actionpack-4.1.8/lib/action_dispatch/middleware/templates/rescues/_source.erb (0.5ms)
  Rendered /home/seacoats/.rvm/gems/ruby-2.1.5/gems/actionpack-4.1.8/lib/action_dispatch/middleware/templates/rescues/_trace.html.erb (1.3ms)
  Rendered /home/seacoats/.rvm/gems/ruby-2.1.5/gems/actionpack-4.1.8/lib/action_dispatch/middleware/templates/rescues/_request_and_response.html.erb (0.8ms)
  Rendered /home/seacoats/.rvm/gems/ruby-2.1.5/gems/actionpack-4.1.8/lib/action_dispatch/middleware/templates/rescues/diagnostics.erb within rescues/layout (19.3ms)


Started GET "/" for 127.0.0.1 at 2014-11-20 00:28:38 -0700
Processing by Rails::WelcomeController#index as HTML
  Rendered /home/seacoats/.rvm/gems/ruby-2.1.5/gems/railties-4.1.8/lib/rails/templates/rails/welcome/index.html.erb (1.5ms)
Completed 200 OK in 14ms (Views: 5.6ms | ActiveRecord: 0.0ms)


Started GET "/" for 127.0.0.1 at 2014-11-20 00:29:32 -0700
Processing by Rails::WelcomeController#index as HTML
  Rendered /home/seacoats/.rvm/gems/ruby-2.1.5/gems/railties-4.1.8/lib/rails/templates/rails/welcome/index.html.erb (0.1ms)
Completed 200 OK in 2ms (Views: 1.4ms | ActiveRecord: 0.0ms)


Started GET "/pages" for 127.0.0.1 at 2014-11-20 00:29:37 -0700

ActionController::RoutingError (No route matches [GET] "/pages"):
  actionpack (4.1.8) lib/action_dispatch/middleware/debug_exceptions.rb:21:in `call'
  actionpack (4.1.8) lib/action_dispatch/middleware/show_exceptions.rb:30:in `call'
  railties (4.1.8) lib/rails/rack/logger.rb:38:in `call_app'
  railties (4.1.8) lib/rails/rack/logger.rb:20:in `block in call'
  activesupport (4.1.8) lib/active_support/tagged_logging.rb:68:in `block in tagged'
  activesupport (4.1.8) lib/active_support/tagged_logging.rb:26:in `tagged'
  activesupport (4.1.8) lib/active_support/tagged_logging.rb:68:in `tagged'
  railties (4.1.8) lib/rails/rack/logger.rb:20:in `call'
  actionpack (4.1.8) lib/action_dispatch/middleware/request_id.rb:21:in `call'
  rack (1.5.2) lib/rack/methodoverride.rb:21:in `call'
  rack (1.5.2) lib/rack/runtime.rb:17:in `call'
  activesupport (4.1.8) lib/active_support/cache/strategy/local_cache_middleware.rb:26:in `call'
  rack (1.5.2) lib/rack/lock.rb:17:in `call'
  actionpack (4.1.8) lib/action_dispatch/middleware/static.rb:84:in `call'
  rack (1.5.2) lib/rack/sendfile.rb:112:in `call'
  railties (4.1.8) lib/rails/engine.rb:514:in `call'
  railties (4.1.8) lib/rails/application.rb:144:in `call'
  rack (1.5.2) lib/rack/lock.rb:17:in `call'
  rack (1.5.2) lib/rack/content_length.rb:14:in `call'
  rack (1.5.2) lib/rack/handler/webrick.rb:60:in `service'
  /home/seacoats/.rvm/rubies/ruby-2.1.5/lib/ruby/2.1.0/webrick/httpserver.rb:138:in `service'
  /home/seacoats/.rvm/rubies/ruby-2.1.5/lib/ruby/2.1.0/webrick/httpserver.rb:94:in `run'
  /home/seacoats/.rvm/rubies/ruby-2.1.5/lib/ruby/2.1.0/webrick/server.rb:295:in `block in start_thread'


  Rendered /home/seacoats/.rvm/gems/ruby-2.1.5/gems/actionpack-4.1.8/lib/action_dispatch/middleware/templates/rescues/_trace.html.erb (0.8ms)
  Rendered /home/seacoats/.rvm/gems/ruby-2.1.5/gems/actionpack-4.1.8/lib/action_dispatch/middleware/templates/routes/_route.html.erb (0.7ms)
  Rendered /home/seacoats/.rvm/gems/ruby-2.1.5/gems/actionpack-4.1.8/lib/action_dispatch/middleware/templates/routes/_table.html.erb (5.4ms)
  Rendered /home/seacoats/.rvm/gems/ruby-2.1.5/gems/actionpack-4.1.8/lib/action_dispatch/middleware/templates/rescues/routing_error.html.erb within rescues/layout (23.4ms)


Started GET "/pages/home" for 127.0.0.1 at 2014-11-20 00:29:41 -0700
Processing by PagesController#home as HTML
  Rendered pages/home.html.erb within layouts/application (0.4ms)
Completed 200 OK in 795ms (Views: 794.8ms | ActiveRecord: 0.0ms)


Started GET "/assets/application.css?body=1" for 127.0.0.1 at 2014-11-20 00:29:42 -0700


Started GET "/assets/turbolinks.js?body=1" for 127.0.0.1 at 2014-11-20 00:29:42 -0700


Started GET "/assets/jquery_ujs.js?body=1" for 127.0.0.1 at 2014-11-20 00:29:42 -0700


Started GET "/assets/pages.css?body=1" for 127.0.0.1 at 2014-11-20 00:29:42 -0700


Started GET "/assets/jquery.js?body=1" for 127.0.0.1 at 2014-11-20 00:29:42 -0700


Started GET "/assets/pages.js?body=1" for 127.0.0.1 at 2014-11-20 00:29:42 -0700


Started GET "/assets/application.js?body=1" for 127.0.0.1 at 2014-11-20 00:29:42 -0700


Started GET "/pages/home" for 127.0.0.1 at 2014-11-20 00:32:08 -0700
Processing by PagesController#home as HTML
  Rendered pages/home.html.erb within layouts/application (0.4ms)
Completed 200 OK in 34ms (Views: 33.1ms | ActiveRecord: 0.0ms)


Started GET "/assets/jquery_ujs.js?body=1" for 127.0.0.1 at 2014-11-20 00:32:08 -0700


Started GET "/assets/application.css?body=1" for 127.0.0.1 at 2014-11-20 00:32:08 -0700


Started GET "/assets/pages.js?body=1" for 127.0.0.1 at 2014-11-20 00:32:08 -0700


Started GET "/assets/pages.css?body=1" for 127.0.0.1 at 2014-11-20 00:32:08 -0700


Started GET "/assets/jquery.js?body=1" for 127.0.0.1 at 2014-11-20 00:32:08 -0700


Started GET "/assets/turbolinks.js?body=1" for 127.0.0.1 at 2014-11-20 00:32:08 -0700


Started GET "/assets/application.js?body=1" for 127.0.0.1 at 2014-11-20 00:32:08 -0700


Started GET "/" for 127.0.0.1 at 2014-11-20 00:35:03 -0700
Processing by PagesController#home as HTML
  Rendered pages/home.html.erb within layouts/application (0.1ms)
Completed 200 OK in 38ms (Views: 36.9ms | ActiveRecord: 0.0ms)


Started GET "/assets/application.css?body=1" for 127.0.0.1 at 2014-11-20 00:35:03 -0700


Started GET "/assets/jquery.js?body=1" for 127.0.0.1 at 2014-11-20 00:35:03 -0700


Started GET "/assets/jquery_ujs.js?body=1" for 127.0.0.1 at 2014-11-20 00:35:03 -0700


Started GET "/assets/turbolinks.js?body=1" for 127.0.0.1 at 2014-11-20 00:35:03 -0700


Started GET "/assets/pages.css?body=1" for 127.0.0.1 at 2014-11-20 00:35:03 -0700


Started GET "/assets/pages.js?body=1" for 127.0.0.1 at 2014-11-20 00:35:03 -0700


Started GET "/assets/application.js?body=1" for 127.0.0.1 at 2014-11-20 00:35:03 -0700


Started GET "/" for 127.0.0.1 at 2014-11-20 00:45:27 -0700
Processing by PagesController#home as HTML
  Rendered pages/home.html.erb within layouts/application (0.0ms)
Completed 200 OK in 59ms (Views: 58.9ms | ActiveRecord: 0.0ms)


Started GET "/assets/pages.css?body=1" for 127.0.0.1 at 2014-11-20 00:45:28 -0700


Started GET "/assets/turbolinks.js?body=1" for 127.0.0.1 at 2014-11-20 00:45:28 -0700


Started GET "/assets/jquery.js?body=1" for 127.0.0.1 at 2014-11-20 00:45:28 -0700


Started GET "/assets/pages.js?body=1" for 127.0.0.1 at 2014-11-20 00:45:28 -0700


Started GET "/assets/application.css?body=1" for 127.0.0.1 at 2014-11-20 00:45:28 -0700


Started GET "/assets/jquery_ujs.js?body=1" for 127.0.0.1 at 2014-11-20 00:45:28 -0700


Started GET "/assets/application.js?body=1" for 127.0.0.1 at 2014-11-20 00:45:28 -0700


Started GET "/about" for 127.0.0.1 at 2014-11-20 00:45:31 -0700
Processing by PagesController#about as HTML
  Rendered pages/about.html.erb within layouts/application (0.5ms)
Completed 200 OK in 35ms (Views: 34.3ms | ActiveRecord: 0.0ms)


Started GET "/assets/pages.css?body=1" for 127.0.0.1 at 2014-11-20 00:45:31 -0700


Started GET "/assets/application.css?body=1" for 127.0.0.1 at 2014-11-20 00:45:31 -0700


Started GET "/assets/pages.js?body=1" for 127.0.0.1 at 2014-11-20 00:45:31 -0700


Started GET "/assets/jquery.js?body=1" for 127.0.0.1 at 2014-11-20 00:45:31 -0700


Started GET "/assets/jquery_ujs.js?body=1" for 127.0.0.1 at 2014-11-20 00:45:31 -0700


Started GET "/assets/turbolinks.js?body=1" for 127.0.0.1 at 2014-11-20 00:45:31 -0700


Started GET "/assets/application.js?body=1" for 127.0.0.1 at 2014-11-20 00:45:31 -0700


Started GET "/home" for 127.0.0.1 at 2014-11-20 09:56:45 -0700

ActionController::RoutingError (No route matches [GET] "/home"):
  actionpack (4.1.8) lib/action_dispatch/middleware/debug_exceptions.rb:21:in `call'
  actionpack (4.1.8) lib/action_dispatch/middleware/show_exceptions.rb:30:in `call'
  railties (4.1.8) lib/rails/rack/logger.rb:38:in `call_app'
  railties (4.1.8) lib/rails/rack/logger.rb:20:in `block in call'
  activesupport (4.1.8) lib/active_support/tagged_logging.rb:68:in `block in tagged'
  activesupport (4.1.8) lib/active_support/tagged_logging.rb:26:in `tagged'
  activesupport (4.1.8) lib/active_support/tagged_logging.rb:68:in `tagged'
  railties (4.1.8) lib/rails/rack/logger.rb:20:in `call'
  actionpack (4.1.8) lib/action_dispatch/middleware/request_id.rb:21:in `call'
  rack (1.5.2) lib/rack/methodoverride.rb:21:in `call'
  rack (1.5.2) lib/rack/runtime.rb:17:in `call'
  activesupport (4.1.8) lib/active_support/cache/strategy/local_cache_middleware.rb:26:in `call'
  rack (1.5.2) lib/rack/lock.rb:17:in `call'
  actionpack (4.1.8) lib/action_dispatch/middleware/static.rb:84:in `call'
  rack (1.5.2) lib/rack/sendfile.rb:112:in `call'
  railties (4.1.8) lib/rails/engine.rb:514:in `call'
  railties (4.1.8) lib/rails/application.rb:144:in `call'
  rack (1.5.2) lib/rack/lock.rb:17:in `call'
  rack (1.5.2) lib/rack/content_length.rb:14:in `call'
  rack (1.5.2) lib/rack/handler/webrick.rb:60:in `service'
  /home/seacoats/.rvm/rubies/ruby-2.1.5/lib/ruby/2.1.0/webrick/httpserver.rb:138:in `service'
  /home/seacoats/.rvm/rubies/ruby-2.1.5/lib/ruby/2.1.0/webrick/httpserver.rb:94:in `run'
  /home/seacoats/.rvm/rubies/ruby-2.1.5/lib/ruby/2.1.0/webrick/server.rb:295:in `block in start_thread'


  Rendered /home/seacoats/.rvm/gems/ruby-2.1.5/gems/actionpack-4.1.8/lib/action_dispatch/middleware/templates/rescues/_trace.html.erb (1.1ms)
  Rendered /home/seacoats/.rvm/gems/ruby-2.1.5/gems/actionpack-4.1.8/lib/action_dispatch/middleware/templates/routes/_route.html.erb (0.8ms)
  Rendered /home/seacoats/.rvm/gems/ruby-2.1.5/gems/actionpack-4.1.8/lib/action_dispatch/middleware/templates/routes/_table.html.erb (1.4ms)
  Rendered /home/seacoats/.rvm/gems/ruby-2.1.5/gems/actionpack-4.1.8/lib/action_dispatch/middleware/templates/rescues/routing_error.html.erb within rescues/layout (20.5ms)


Started GET "/home" for 127.0.0.1 at 2014-11-20 09:57:51 -0700

ActionController::RoutingError (No route matches [GET] "/home"):
  actionpack (4.1.8) lib/action_dispatch/middleware/debug_exceptions.rb:21:in `call'
  actionpack (4.1.8) lib/action_dispatch/middleware/show_exceptions.rb:30:in `call'
  railties (4.1.8) lib/rails/rack/logger.rb:38:in `call_app'
  railties (4.1.8) lib/rails/rack/logger.rb:20:in `block in call'
  activesupport (4.1.8) lib/active_support/tagged_logging.rb:68:in `block in tagged'
  activesupport (4.1.8) lib/active_support/tagged_logging.rb:26:in `tagged'
  activesupport (4.1.8) lib/active_support/tagged_logging.rb:68:in `tagged'
  railties (4.1.8) lib/rails/rack/logger.rb:20:in `call'
  actionpack (4.1.8) lib/action_dispatch/middleware/request_id.rb:21:in `call'
  rack (1.5.2) lib/rack/methodoverride.rb:21:in `call'
  rack (1.5.2) lib/rack/runtime.rb:17:in `call'
  activesupport (4.1.8) lib/active_support/cache/strategy/local_cache_middleware.rb:26:in `call'
  rack (1.5.2) lib/rack/lock.rb:17:in `call'
  actionpack (4.1.8) lib/action_dispatch/middleware/static.rb:84:in `call'
  rack (1.5.2) lib/rack/sendfile.rb:112:in `call'
  railties (4.1.8) lib/rails/engine.rb:514:in `call'
  railties (4.1.8) lib/rails/application.rb:144:in `call'
  rack (1.5.2) lib/rack/lock.rb:17:in `call'
  rack (1.5.2) lib/rack/content_length.rb:14:in `call'
  rack (1.5.2) lib/rack/handler/webrick.rb:60:in `service'
  /home/seacoats/.rvm/rubies/ruby-2.1.5/lib/ruby/2.1.0/webrick/httpserver.rb:138:in `service'
  /home/seacoats/.rvm/rubies/ruby-2.1.5/lib/ruby/2.1.0/webrick/httpserver.rb:94:in `run'
  /home/seacoats/.rvm/rubies/ruby-2.1.5/lib/ruby/2.1.0/webrick/server.rb:295:in `block in start_thread'


  Rendered /home/seacoats/.rvm/gems/ruby-2.1.5/gems/actionpack-4.1.8/lib/action_dispatch/middleware/templates/rescues/_trace.html.erb (1.2ms)
  Rendered /home/seacoats/.rvm/gems/ruby-2.1.5/gems/actionpack-4.1.8/lib/action_dispatch/middleware/templates/routes/_route.html.erb (0.9ms)
  Rendered /home/seacoats/.rvm/gems/ruby-2.1.5/gems/actionpack-4.1.8/lib/action_dispatch/middleware/templates/routes/_table.html.erb (1.0ms)
  Rendered /home/seacoats/.rvm/gems/ruby-2.1.5/gems/actionpack-4.1.8/lib/action_dispatch/middleware/templates/rescues/routing_error.html.erb within rescues/layout (13.5ms)


Started GET "/" for 127.0.0.1 at 2014-11-20 09:57:53 -0700
Processing by PagesController#home as HTML
  Rendered pages/home.html.erb within layouts/application (0.6ms)
Completed 200 OK in 39ms (Views: 37.9ms | ActiveRecord: 0.0ms)


Started GET "/assets/turbolinks.js?body=1" for 127.0.0.1 at 2014-11-20 09:57:53 -0700


Started GET "/assets/pages.css?body=1" for 127.0.0.1 at 2014-11-20 09:57:53 -0700


Started GET "/assets/jquery_ujs.js?body=1" for 127.0.0.1 at 2014-11-20 09:57:53 -0700


Started GET "/assets/application.css?body=1" for 127.0.0.1 at 2014-11-20 09:57:53 -0700


Started GET "/assets/jquery.js?body=1" for 127.0.0.1 at 2014-11-20 09:57:53 -0700


Started GET "/assets/pages.js?body=1" for 127.0.0.1 at 2014-11-20 09:57:53 -0700


Started GET "/assets/application.js?body=1" for 127.0.0.1 at 2014-11-20 09:57:53 -0700


Started GET "/about" for 127.0.0.1 at 2014-11-20 09:57:57 -0700
Processing by PagesController#about as HTML
  Rendered pages/about.html.erb within layouts/application (0.1ms)
Completed 200 OK in 34ms (Views: 32.8ms | ActiveRecord: 0.0ms)


Started GET "/assets/application.css?body=1" for 127.0.0.1 at 2014-11-20 09:57:57 -0700


Started GET "/assets/turbolinks.js?body=1" for 127.0.0.1 at 2014-11-20 09:57:57 -0700


Started GET "/assets/jquery.js?body=1" for 127.0.0.1 at 2014-11-20 09:57:57 -0700


Started GET "/assets/pages.css?body=1" for 127.0.0.1 at 2014-11-20 09:57:57 -0700


Started GET "/assets/pages.js?body=1" for 127.0.0.1 at 2014-11-20 09:57:57 -0700


Started GET "/assets/jquery_ujs.js?body=1" for 127.0.0.1 at 2014-11-20 09:57:57 -0700


Started GET "/assets/application.js?body=1" for 127.0.0.1 at 2014-11-20 09:57:57 -0700


Started GET "/" for 127.0.0.1 at 2014-11-20 10:06:59 -0700
Processing by PagesController#home as HTML
  Rendered pages/home.html.erb within layouts/application (0.5ms)
Completed 200 OK in 30ms (Views: 29.6ms | ActiveRecord: 0.0ms)


Started GET "/assets/pages.css?body=1" for 127.0.0.1 at 2014-11-20 10:06:59 -0700


Started GET "/assets/jquery_ujs.js?body=1" for 127.0.0.1 at 2014-11-20 10:06:59 -0700


Started GET "/assets/turbolinks.js?body=1" for 127.0.0.1 at 2014-11-20 10:06:59 -0700


Started GET "/assets/jquery.js?body=1" for 127.0.0.1 at 2014-11-20 10:06:59 -0700


Started GET "/assets/application.css?body=1" for 127.0.0.1 at 2014-11-20 10:06:59 -0700


Started GET "/assets/pages.js?body=1" for 127.0.0.1 at 2014-11-20 10:06:59 -0700


Started GET "/assets/application.js?body=1" for 127.0.0.1 at 2014-11-20 10:06:59 -0700


Started GET "/about" for 127.0.0.1 at 2014-11-20 10:07:01 -0700
Processing by PagesController#about as HTML
  Rendered pages/about.html.erb within layouts/application (0.6ms)
Completed 200 OK in 36ms (Views: 35.8ms | ActiveRecord: 0.0ms)


Started GET "/" for 127.0.0.1 at 2014-11-20 10:07:03 -0700
Processing by PagesController#home as HTML
  Rendered pages/home.html.erb within layouts/application (1.0ms)
Completed 200 OK in 39ms (Views: 38.6ms | ActiveRecord: 0.0ms)


Started GET "/about" for 127.0.0.1 at 2014-11-20 10:07:04 -0700
Processing by PagesController#about as HTML
  Rendered pages/about.html.erb within layouts/application (0.2ms)
Completed 200 OK in 29ms (Views: 28.6ms | ActiveRecord: 0.0ms)


Started GET "/" for 127.0.0.1 at 2014-11-20 10:07:05 -0700
Processing by PagesController#home as HTML
  Rendered pages/home.html.erb within layouts/application (0.1ms)
Completed 200 OK in 28ms (Views: 27.5ms | ActiveRecord: 0.0ms)


Started GET "/" for 127.0.0.1 at 2014-11-20 10:12:34 -0700
Processing by PagesController#home as HTML
  Rendered pages/home.html.erb within layouts/application (0.4ms)
Completed 200 OK in 36ms (Views: 35.8ms | ActiveRecord: 0.0ms)


Started GET "/assets/pages.css?body=1" for 127.0.0.1 at 2014-11-20 10:12:34 -0700


Started GET "/assets/jquery_ujs.js?body=1" for 127.0.0.1 at 2014-11-20 10:12:34 -0700


Started GET "/assets/jquery.js?body=1" for 127.0.0.1 at 2014-11-20 10:12:34 -0700


Started GET "/assets/application.css?body=1" for 127.0.0.1 at 2014-11-20 10:12:34 -0700


Started GET "/assets/pages.js?body=1" for 127.0.0.1 at 2014-11-20 10:12:34 -0700


Started GET "/assets/turbolinks.js?body=1" for 127.0.0.1 at 2014-11-20 10:12:34 -0700


Started GET "/assets/application.js?body=1" for 127.0.0.1 at 2014-11-20 10:12:34 -0700


Started GET "/" for 127.0.0.1 at 2014-11-20 10:12:37 -0700
Processing by PagesController#home as HTML
  Rendered pages/home.html.erb within layouts/application (0.8ms)
Completed 200 OK in 33ms (Views: 32.2ms | ActiveRecord: 0.0ms)


Started GET "/about" for 127.0.0.1 at 2014-11-20 10:12:38 -0700
Processing by PagesController#about as HTML
  Rendered pages/about.html.erb within layouts/application (0.2ms)
Completed 200 OK in 29ms (Views: 28.3ms | ActiveRecord: 0.0ms)


Started GET "/about" for 127.0.0.1 at 2014-11-20 10:12:46 -0700
Processing by PagesController#about as HTML
  Rendered pages/about.html.erb within layouts/application (0.5ms)
Completed 200 OK in 37ms (Views: 36.0ms | ActiveRecord: 0.0ms)


Started GET "/assets/application.css?body=1" for 127.0.0.1 at 2014-11-20 10:12:46 -0700


Started GET "/assets/pages.css?body=1" for 127.0.0.1 at 2014-11-20 10:12:46 -0700


Started GET "/assets/jquery.js?body=1" for 127.0.0.1 at 2014-11-20 10:12:46 -0700


Started GET "/assets/jquery_ujs.js?body=1" for 127.0.0.1 at 2014-11-20 10:12:46 -0700


Started GET "/assets/pages.js?body=1" for 127.0.0.1 at 2014-11-20 10:12:46 -0700


Started GET "/assets/turbolinks.js?body=1" for 127.0.0.1 at 2014-11-20 10:12:46 -0700


Started GET "/assets/application.js?body=1" for 127.0.0.1 at 2014-11-20 10:12:46 -0700


Started GET "/about" for 127.0.0.1 at 2014-11-20 10:12:48 -0700
Processing by PagesController#about as HTML
  Rendered pages/about.html.erb within layouts/application (0.4ms)
Completed 200 OK in 32ms (Views: 31.2ms | ActiveRecord: 0.0ms)


Started GET "/" for 127.0.0.1 at 2014-11-20 10:12:49 -0700
Processing by PagesController#home as HTML
  Rendered pages/home.html.erb within layouts/application (0.0ms)
Completed 200 OK in 40ms (Views: 39.2ms | ActiveRecord: 0.0ms)
